# JRE version: OpenJDK Runtime Environment GraalVM CE 22.3.0 (17.0.5+8) (build 17.0.5+8-jvmci-22.3-b08)
# Java VM: OpenJDK 64-Bit Server VM GraalVM CE 22.3.0 (17.0.5+8-jvmci-22.3-b08, mixed mode, sharing, tiered, jvmci, jvmci compiler, compressed oops, compressed class ptrs, parallel gc, linux-amd64)
GC Precious Log:
 CPUs: 8 total, 1 available
 Memory: 1024M
 Large Page Support: Disabled
 NUMA Support: Disabled
 Compressed Oops: Enabled (32-bit)
 Alignments: Space 512K, Generation 512K, Heap 2M
 Heap Min Capacity: 100M
 Heap Initial Capacity: 100M
 Heap Max Capacity: 512M
 Pre-touch: Disabled
 Parallel Workers: 1
Heap:
 PSYoungGen      total 87040K, used 51711K [0x00000000f5580000, 0x00000000fd380000, 0x0000000100000000)
  eden space 51712K, 99% used [0x00000000f5580000,0x00000000f87ffff8,0x00000000f8800000)
  from space 35328K, 0% used [0x00000000fb100000,0x00000000fb100000,0x00000000fd380000)
  to   space 16384K, 0% used [0x00000000f8800000,0x00000000f8800000,0x00000000f9800000)
 ParOldGen       total 349696K, used 349695K [0x00000000e0000000, 0x00000000f5580000, 0x00000000f5580000)
  object space 349696K, 99% used [0x00000000e0000000,0x00000000f557ff58,0x00000000f5580000)
 Metaspace       used 58654K, committed 59456K, reserved 1105920K
  class space    used 5665K, committed 6016K, reserved 1048576K
GC Heap History (20 events):
Event: 1950.280 GC heap before
{Heap before GC invocations=1620 (full 1494):
 PSYoungGen      total 87040K, used 51712K [0x00000000f5580000, 0x00000000fd380000, 0x0000000100000000)
  eden space 51712K, 100% used [0x00000000f5580000,0x00000000f8800000,0x00000000f8800000)
  from space 35328K, 0% used [0x00000000fb100000,0x00000000fb100000,0x00000000fd380000)
  to   space 16384K, 0% used [0x00000000f8800000,0x00000000f8800000,0x00000000f9800000)
 ParOldGen       total 349696K, used 349693K [0x00000000e0000000, 0x00000000f5580000, 0x00000000f5580000)
  object space 349696K, 99% used [0x00000000e0000000,0x00000000f557f688,0x00000000f5580000)
 Metaspace       used 58654K, committed 59456K, reserved 1105920K
  class space    used 5665K, committed 6016K, reserved 1048576K
}
Event: 1951.411 GC heap after
{Heap after GC invocations=1620 (full 1494):
 PSYoungGen      total 68096K, used 51709K [0x00000000f5580000, 0x00000000fd380000, 0x0000000100000000)
  eden space 51712K, 99% used [0x00000000f5580000,0x00000000f87ff750,0x00000000f8800000)
  from space 16384K, 0% used [0x00000000f8800000,0x00000000f8800000,0x00000000f9800000)
  to   space 35328K, 0% used [0x00000000fb100000,0x00000000fb100000,0x00000000fd380000)
 ParOldGen       total 349696K, used 349693K [0x00000000e0000000, 0x00000000f5580000, 0x00000000f5580000)
  object space 349696K, 99% used [0x00000000e0000000,0x00000000f557f688,0x00000000f5580000)
 Metaspace       used 58654K, committed 59456K, reserved 1105920K
  class space    used 5665K, committed 6016K, reserved 1048576K
}
Event: 1951.411 GC heap before
{Heap before GC invocations=1621 (full 1495):
 PSYoungGen      total 68096K, used 51712K [0x00000000f5580000, 0x00000000fd380000, 0x0000000100000000)
  eden space 51712K, 100% used [0x00000000f5580000,0x00000000f8800000,0x00000000f8800000)
  from space 16384K, 0% used [0x00000000f8800000,0x00000000f8800000,0x00000000f9800000)
  to   space 35328K, 0% used [0x00000000fb100000,0x00000000fb100000,0x00000000fd380000)
 ParOldGen       total 349696K, used 349693K [0x00000000e0000000, 0x00000000f5580000, 0x00000000f5580000)
  object space 349696K, 99% used [0x00000000e0000000,0x00000000f557f688,0x00000000f5580000)
 Metaspace       used 58654K, committed 59456K, reserved 1105920K
  class space    used 5665K, committed 6016K, reserved 1048576K
}
Event: 1952.611 GC heap after
{Heap after GC invocations=1621 (full 1495):
 PSYoungGen      total 87040K, used 51709K [0x00000000f5580000, 0x00000000fd380000, 0x0000000100000000)
  eden space 51712K, 99% used [0x00000000f5580000,0x00000000f87ff768,0x00000000f8800000)
  from space 35328K, 0% used [0x00000000fb100000,0x00000000fb100000,0x00000000fd380000)
  to   space 16384K, 0% used [0x00000000f8800000,0x00000000f8800000,0x00000000f9800000)
 ParOldGen       total 349696K, used 349693K [0x00000000e0000000, 0x00000000f5580000, 0x00000000f5580000)
  object space 349696K, 99% used [0x00000000e0000000,0x00000000f557f688,0x00000000f5580000)
 Metaspace       used 58654K, committed 59456K, reserved 1105920K
  class space    used 5665K, committed 6016K, reserved 1048576K
}
Event: 1952.611 GC heap before
{Heap before GC invocations=1622 (full 1496):
 PSYoungGen      total 87040K, used 51712K [0x00000000f5580000, 0x00000000fd380000, 0x0000000100000000)
  eden space 51712K, 100% used [0x00000000f5580000,0x00000000f8800000,0x00000000f8800000)
  from space 35328K, 0% used [0x00000000fb100000,0x00000000fb100000,0x00000000fd380000)
  to   space 16384K, 0% used [0x00000000f8800000,0x00000000f8800000,0x00000000f9800000)
 ParOldGen       total 349696K, used 349693K [0x00000000e0000000, 0x00000000f5580000, 0x00000000f5580000)
  object space 349696K, 99% used [0x00000000e0000000,0x00000000f557f688,0x00000000f5580000)
 Metaspace       used 58654K, committed 59456K, reserved 1105920K
  class space    used 5665K, committed 6016K, reserved 1048576K
}
Event: 1953.800 GC heap after
{Heap after GC invocations=1622 (full 1496):
 PSYoungGen      total 68096K, used 51709K [0x00000000f5580000, 0x00000000fd380000, 0x0000000100000000)
  eden space 51712K, 99% used [0x00000000f5580000,0x00000000f87ff780,0x00000000f8800000)
  from space 16384K, 0% used [0x00000000f8800000,0x00000000f8800000,0x00000000f9800000)
  to   space 35328K, 0% used [0x00000000fb100000,0x00000000fb100000,0x00000000fd380000)
 ParOldGen       total 349696K, used 349693K [0x00000000e0000000, 0x00000000f5580000, 0x00000000f5580000)
  object space 349696K, 99% used [0x00000000e0000000,0x00000000f557f688,0x00000000f5580000)
 Metaspace       used 58654K, committed 59456K, reserved 1105920K
  class space    used 5665K, committed 6016K, reserved 1048576K
}
Event: 1953.800 GC heap before
{Heap before GC invocations=1623 (full 1497):
 PSYoungGen      total 68096K, used 51712K [0x00000000f5580000, 0x00000000fd380000, 0x0000000100000000)
  eden space 51712K, 100% used [0x00000000f5580000,0x00000000f8800000,0x00000000f8800000)
  from space 16384K, 0% used [0x00000000f8800000,0x00000000f8800000,0x00000000f9800000)
  to   space 35328K, 0% used [0x00000000fb100000,0x00000000fb100000,0x00000000fd380000)
 ParOldGen       total 349696K, used 349693K [0x00000000e0000000, 0x00000000f5580000, 0x00000000f5580000)
  object space 349696K, 99% used [0x00000000e0000000,0x00000000f557f688,0x00000000f5580000)
 Metaspace       used 58654K, committed 59456K, reserved 1105920K
  class space    used 5665K, committed 6016K, reserved 1048576K
}
Event: 1955.009 GC heap after
{Heap after GC invocations=1623 (full 1497):
 PSYoungGen      total 87040K, used 51709K [0x00000000f5580000, 0x00000000fd380000, 0x0000000100000000)
  eden space 51712K, 99% used [0x00000000f5580000,0x00000000f87ff7b0,0x00000000f8800000)
  from space 35328K, 0% used [0x00000000fb100000,0x00000000fb100000,0x00000000fd380000)
  to   space 16384K, 0% used [0x00000000f8800000,0x00000000f8800000,0x00000000f9800000)
 ParOldGen       total 349696K, used 349693K [0x00000000e0000000, 0x00000000f5580000, 0x00000000f5580000)
  object space 349696K, 99% used [0x00000000e0000000,0x00000000f557f688,0x00000000f5580000)
 Metaspace       used 58654K, committed 59456K, reserved 1105920K
  class space    used 5665K, committed 6016K, reserved 1048576K
}
Event: 1955.009 GC heap before
{Heap before GC invocations=1624 (full 1498):
 PSYoungGen      total 87040K, used 51712K [0x00000000f5580000, 0x00000000fd380000, 0x0000000100000000)
  eden space 51712K, 100% used [0x00000000f5580000,0x00000000f8800000,0x00000000f8800000)
  from space 35328K, 0% used [0x00000000fb100000,0x00000000fb100000,0x00000000fd380000)
  to   space 16384K, 0% used [0x00000000f8800000,0x00000000f8800000,0x00000000f9800000)
 ParOldGen       total 349696K, used 349693K [0x00000000e0000000, 0x00000000f5580000, 0x00000000f5580000)
  object space 349696K, 99% used [0x00000000e0000000,0x00000000f557f688,0x00000000f5580000)
 Metaspace       used 58654K, committed 59456K, reserved 1105920K
  class space    used 5665K, committed 6016K, reserved 1048576K
}
Event: 1956.204 GC heap after
{Heap after GC invocations=1624 (full 1498):
 PSYoungGen      total 68096K, used 51709K [0x00000000f5580000, 0x00000000fd380000, 0x0000000100000000)
  eden space 51712K, 99% used [0x00000000f5580000,0x00000000f87ff7d0,0x00000000f8800000)
  from space 16384K, 0% used [0x00000000f8800000,0x00000000f8800000,0x00000000f9800000)
  to   space 35328K, 0% used [0x00000000fb100000,0x00000000fb100000,0x00000000fd380000)
 ParOldGen       total 349696K, used 349693K [0x00000000e0000000, 0x00000000f5580000, 0x00000000f5580000)
  object space 349696K, 99% used [0x00000000e0000000,0x00000000f557f688,0x00000000f5580000)
 Metaspace       used 58654K, committed 59456K, reserved 1105920K
  class space    used 5665K, committed 6016K, reserved 1048576K
}
Event: 1956.204 GC heap before
{Heap before GC invocations=1625 (full 1499):
 PSYoungGen      total 68096K, used 51712K [0x00000000f5580000, 0x00000000fd380000, 0x0000000100000000)
  eden space 51712K, 100% used [0x00000000f5580000,0x00000000f8800000,0x00000000f8800000)
  from space 16384K, 0% used [0x00000000f8800000,0x00000000f8800000,0x00000000f9800000)
  to   space 35328K, 0% used [0x00000000fb100000,0x00000000fb100000,0x00000000fd380000)
 ParOldGen       total 349696K, used 349693K [0x00000000e0000000, 0x00000000f5580000, 0x00000000f5580000)
  object space 349696K, 99% used [0x00000000e0000000,0x00000000f557f688,0x00000000f5580000)
 Metaspace       used 58654K, committed 59456K, reserved 1105920K
  class space    used 5665K, committed 6016K, reserved 1048576K
}
Event: 1957.327 GC heap after
{Heap after GC invocations=1625 (full 1499):
 PSYoungGen      total 87040K, used 51709K [0x00000000f5580000, 0x00000000fd380000, 0x0000000100000000)
  eden space 51712K, 99% used [0x00000000f5580000,0x00000000f87ff7b0,0x00000000f8800000)
  from space 35328K, 0% used [0x00000000fb100000,0x00000000fb100000,0x00000000fd380000)
  to   space 16384K, 0% used [0x00000000f8800000,0x00000000f8800000,0x00000000f9800000)
 ParOldGen       total 349696K, used 349693K [0x00000000e0000000, 0x00000000f5580000, 0x00000000f5580000)
  object space 349696K, 99% used [0x00000000e0000000,0x00000000f557f688,0x00000000f5580000)
 Metaspace       used 58654K, committed 59456K, reserved 1105920K
  class space    used 5665K, committed 6016K, reserved 1048576K
}
Event: 1957.327 GC heap before
{Heap before GC invocations=1626 (full 1500):
 PSYoungGen      total 87040K, used 51712K [0x00000000f5580000, 0x00000000fd380000, 0x0000000100000000)
  eden space 51712K, 100% used [0x00000000f5580000,0x00000000f8800000,0x00000000f8800000)
  from space 35328K, 0% used [0x00000000fb100000,0x00000000fb100000,0x00000000fd380000)
  to   space 16384K, 0% used [0x00000000f8800000,0x00000000f8800000,0x00000000f9800000)
 ParOldGen       total 349696K, used 349693K [0x00000000e0000000, 0x00000000f5580000, 0x00000000f5580000)
  object space 349696K, 99% used [0x00000000e0000000,0x00000000f557f688,0x00000000f5580000)
 Metaspace       used 58654K, committed 59456K, reserved 1105920K
  class space    used 5665K, committed 6016K, reserved 1048576K
}
Event: 1958.502 GC heap after
{Heap after GC invocations=1626 (full 1500):
 PSYoungGen      total 68096K, used 51709K [0x00000000f5580000, 0x00000000fd380000, 0x0000000100000000)
  eden space 51712K, 99% used [0x00000000f5580000,0x00000000f87ff7d0,0x00000000f8800000)
  from space 16384K, 0% used [0x00000000f8800000,0x00000000f8800000,0x00000000f9800000)
  to   space 35328K, 0% used [0x00000000fb100000,0x00000000fb100000,0x00000000fd380000)
 ParOldGen       total 349696K, used 349693K [0x00000000e0000000, 0x00000000f5580000, 0x00000000f5580000)
  object space 349696K, 99% used [0x00000000e0000000,0x00000000f557f688,0x00000000f5580000)
 Metaspace       used 58654K, committed 59456K, reserved 1105920K
  class space    used 5665K, committed 6016K, reserved 1048576K
}
Event: 1958.504 GC heap before
{Heap before GC invocations=1627 (full 1501):
 PSYoungGen      total 68096K, used 51712K [0x00000000f5580000, 0x00000000fd380000, 0x0000000100000000)
  eden space 51712K, 100% used [0x00000000f5580000,0x00000000f8800000,0x00000000f8800000)
  from space 16384K, 0% used [0x00000000f8800000,0x00000000f8800000,0x00000000f9800000)
  to   space 35328K, 0% used [0x00000000fb100000,0x00000000fb100000,0x00000000fd380000)
 ParOldGen       total 349696K, used 349693K [0x00000000e0000000, 0x00000000f5580000, 0x00000000f5580000)
  object space 349696K, 99% used [0x00000000e0000000,0x00000000f557f688,0x00000000f5580000)
 Metaspace       used 58654K, committed 59456K, reserved 1105920K
  class space    used 5665K, committed 6016K, reserved 1048576K
}
Event: 1959.606 GC heap after
{Heap after GC invocations=1627 (full 1501):
 PSYoungGen      total 87040K, used 51710K [0x00000000f5580000, 0x00000000fd380000, 0x0000000100000000)
  eden space 51712K, 99% used [0x00000000f5580000,0x00000000f87ff930,0x00000000f8800000)
  from space 35328K, 0% used [0x00000000fb100000,0x00000000fb100000,0x00000000fd380000)
  to   space 16384K, 0% used [0x00000000f8800000,0x00000000f8800000,0x00000000f9800000)
 ParOldGen       total 349696K, used 349693K [0x00000000e0000000, 0x00000000f5580000, 0x00000000f5580000)
  object space 349696K, 99% used [0x00000000e0000000,0x00000000f557f688,0x00000000f5580000)
 Metaspace       used 58654K, committed 59456K, reserved 1105920K
  class space    used 5665K, committed 6016K, reserved 1048576K
}
Event: 1959.607 GC heap before
{Heap before GC invocations=1628 (full 1502):
 PSYoungGen      total 87040K, used 51711K [0x00000000f5580000, 0x00000000fd380000, 0x0000000100000000)
  eden space 51712K, 99% used [0x00000000f5580000,0x00000000f87ffff0,0x00000000f8800000)
  from space 35328K, 0% used [0x00000000fb100000,0x00000000fb100000,0x00000000fd380000)
  to   space 16384K, 0% used [0x00000000f8800000,0x00000000f8800000,0x00000000f9800000)
 ParOldGen       total 349696K, used 349693K [0x00000000e0000000, 0x00000000f5580000, 0x00000000f5580000)
  object space 349696K, 99% used [0x00000000e0000000,0x00000000f557f688,0x00000000f5580000)
 Metaspace       used 58654K, committed 59456K, reserved 1105920K
  class space    used 5665K, committed 6016K, reserved 1048576K
}
Event: 1960.823 GC heap after
{Heap after GC invocations=1628 (full 1502):
 PSYoungGen      total 68096K, used 51711K [0x00000000f5580000, 0x00000000fd380000, 0x0000000100000000)
  eden space 51712K, 99% used [0x00000000f5580000,0x00000000f87ffc10,0x00000000f8800000)
  from space 16384K, 0% used [0x00000000f8800000,0x00000000f8800000,0x00000000f9800000)
  to   space 35328K, 0% used [0x00000000fb100000,0x00000000fb100000,0x00000000fd380000)
 ParOldGen       total 349696K, used 349693K [0x00000000e0000000, 0x00000000f5580000, 0x00000000f5580000)
  object space 349696K, 99% used [0x00000000e0000000,0x00000000f557f658,0x00000000f5580000)
 Metaspace       used 58654K, committed 59456K, reserved 1105920K
  class space    used 5665K, committed 6016K, reserved 1048576K
}
Event: 1960.823 GC heap before
{Heap before GC invocations=1629 (full 1503):
 PSYoungGen      total 68096K, used 51711K [0x00000000f5580000, 0x00000000fd380000, 0x0000000100000000)
  eden space 51712K, 99% used [0x00000000f5580000,0x00000000f87ffc10,0x00000000f8800000)
  from space 16384K, 0% used [0x00000000f8800000,0x00000000f8800000,0x00000000f9800000)
  to   space 35328K, 0% used [0x00000000fb100000,0x00000000fb100000,0x00000000fd380000)
 ParOldGen       total 349696K, used 349693K [0x00000000e0000000, 0x00000000f5580000, 0x00000000f5580000)
  object space 349696K, 99% used [0x00000000e0000000,0x00000000f557f658,0x00000000f5580000)
 Metaspace       used 58654K, committed 59456K, reserved 1105920K
  class space    used 5665K, committed 6016K, reserved 1048576K
}
Event: 1962.007 GC heap after
{Heap after GC invocations=1629 (full 1503):
 PSYoungGen      total 87040K, used 51711K [0x00000000f5580000, 0x00000000fd380000, 0x0000000100000000)
  eden space 51712K, 99% used [0x00000000f5580000,0x00000000f87ffc10,0x00000000f8800000)
  from space 35328K, 0% used [0x00000000fb100000,0x00000000fb100000,0x00000000fd380000)
  to   space 16384K, 0% used [0x00000000f8800000,0x00000000f8800000,0x00000000f9800000)
 ParOldGen       total 349696K, used 349693K [0x00000000e0000000, 0x00000000f5580000, 0x00000000f5580000)
  object space 349696K, 99% used [0x00000000e0000000,0x00000000f557f658,0x00000000f5580000)
 Metaspace       used 58654K, committed 59456K, reserved 1105920K
  class space    used 5665K, committed 6016K, reserved 1048576K
}

