# JRE version: OpenJDK Runtime Environment GraalVM CE 22.3.0 (17.0.5+8) (build 17.0.5+8-jvmci-22.3-b08)
# Java VM: OpenJDK 64-Bit Server VM GraalVM CE 22.3.0 (17.0.5+8-jvmci-22.3-b08, mixed mode, sharing, tiered, jvmci, jvmci compiler, compressed oops, compressed class ptrs, parallel gc, linux-amd64)
GC Precious Log:
 CPUs: 8 total, 1 available
 Memory: 1024M
 Large Page Support: Disabled
 NUMA Support: Disabled
 Compressed Oops: Enabled (32-bit)
 Alignments: Space 512K, Generation 512K, Heap 2M
 Heap Min Capacity: 100M
 Heap Initial Capacity: 100M
 Heap Max Capacity: 512M
 Pre-touch: Disabled
 Parallel Workers: 1
Heap:
 PSYoungGen      total 60928K, used 48639K [0x00000000f5580000, 0x00000000f9e80000, 0x0000000100000000)
  eden space 48640K, 99% used [0x00000000f5580000,0x00000000f84ffff0,0x00000000f8500000)
  from space 12288K, 0% used [0x00000000f9100000,0x00000000f9100000,0x00000000f9d00000)
  to   space 12288K, 0% used [0x00000000f8500000,0x00000000f8500000,0x00000000f9100000)
 ParOldGen       total 349696K, used 349695K [0x00000000e0000000, 0x00000000f5580000, 0x00000000f5580000)
  object space 349696K, 99% used [0x00000000e0000000,0x00000000f557fff0,0x00000000f5580000)
 Metaspace       used 62392K, committed 63168K, reserved 1114112K
  class space    used 5439K, committed 5760K, reserved 1048576K
GC Heap History (20 events):
Event: 793.890 GC heap before
{Heap before GC invocations=486 (full 369):
 PSYoungGen      total 60928K, used 48640K [0x00000000f5580000, 0x00000000f9e80000, 0x0000000100000000)
  eden space 48640K, 100% used [0x00000000f5580000,0x00000000f8500000,0x00000000f8500000)
  from space 12288K, 0% used [0x00000000f9100000,0x00000000f9100000,0x00000000f9d00000)
  to   space 12288K, 0% used [0x00000000f8500000,0x00000000f8500000,0x00000000f9100000)
 ParOldGen       total 349696K, used 349695K [0x00000000e0000000, 0x00000000f5580000, 0x00000000f5580000)
  object space 349696K, 99% used [0x00000000e0000000,0x00000000f557ff98,0x00000000f5580000)
 Metaspace       used 62392K, committed 63168K, reserved 1114112K
  class space    used 5439K, committed 5760K, reserved 1048576K
}
Event: 795.605 GC heap after
{Heap after GC invocations=486 (full 369):
 PSYoungGen      total 60928K, used 48639K [0x00000000f5580000, 0x00000000f9e80000, 0x0000000100000000)
  eden space 48640K, 99% used [0x00000000f5580000,0x00000000f84fffb0,0x00000000f8500000)
  from space 12288K, 0% used [0x00000000f8500000,0x00000000f8500000,0x00000000f9100000)
  to   space 12288K, 0% used [0x00000000f9100000,0x00000000f9100000,0x00000000f9d00000)
 ParOldGen       total 349696K, used 349695K [0x00000000e0000000, 0x00000000f5580000, 0x00000000f5580000)
  object space 349696K, 99% used [0x00000000e0000000,0x00000000f557ff98,0x00000000f5580000)
 Metaspace       used 62392K, committed 63168K, reserved 1114112K
  class space    used 5439K, committed 5760K, reserved 1048576K
}
Event: 795.605 GC heap before
{Heap before GC invocations=487 (full 370):
 PSYoungGen      total 60928K, used 48639K [0x00000000f5580000, 0x00000000f9e80000, 0x0000000100000000)
  eden space 48640K, 99% used [0x00000000f5580000,0x00000000f84ffff8,0x00000000f8500000)
  from space 12288K, 0% used [0x00000000f8500000,0x00000000f8500000,0x00000000f9100000)
  to   space 12288K, 0% used [0x00000000f9100000,0x00000000f9100000,0x00000000f9d00000)
 ParOldGen       total 349696K, used 349695K [0x00000000e0000000, 0x00000000f5580000, 0x00000000f5580000)
  object space 349696K, 99% used [0x00000000e0000000,0x00000000f557ff98,0x00000000f5580000)
 Metaspace       used 62392K, committed 63168K, reserved 1114112K
  class space    used 5439K, committed 5760K, reserved 1048576K
}
Event: 797.161 GC heap after
{Heap after GC invocations=487 (full 370):
 PSYoungGen      total 60928K, used 48639K [0x00000000f5580000, 0x00000000f9e80000, 0x0000000100000000)
  eden space 48640K, 99% used [0x00000000f5580000,0x00000000f84fffc8,0x00000000f8500000)
  from space 12288K, 0% used [0x00000000f9100000,0x00000000f9100000,0x00000000f9d00000)
  to   space 12288K, 0% used [0x00000000f8500000,0x00000000f8500000,0x00000000f9100000)
 ParOldGen       total 349696K, used 349695K [0x00000000e0000000, 0x00000000f5580000, 0x00000000f5580000)
  object space 349696K, 99% used [0x00000000e0000000,0x00000000f557ff98,0x00000000f5580000)
 Metaspace       used 62392K, committed 63168K, reserved 1114112K
  class space    used 5439K, committed 5760K, reserved 1048576K
}
Event: 797.161 GC heap before
{Heap before GC invocations=488 (full 371):
 PSYoungGen      total 60928K, used 48639K [0x00000000f5580000, 0x00000000f9e80000, 0x0000000100000000)
  eden space 48640K, 99% used [0x00000000f5580000,0x00000000f84ffff8,0x00000000f8500000)
  from space 12288K, 0% used [0x00000000f9100000,0x00000000f9100000,0x00000000f9d00000)
  to   space 12288K, 0% used [0x00000000f8500000,0x00000000f8500000,0x00000000f9100000)
 ParOldGen       total 349696K, used 349695K [0x00000000e0000000, 0x00000000f5580000, 0x00000000f5580000)
  object space 349696K, 99% used [0x00000000e0000000,0x00000000f557ff98,0x00000000f5580000)
 Metaspace       used 62392K, committed 63168K, reserved 1114112K
  class space    used 5439K, committed 5760K, reserved 1048576K
}
Event: 798.780 GC heap after
{Heap after GC invocations=488 (full 371):
 PSYoungGen      total 60928K, used 48639K [0x00000000f5580000, 0x00000000f9e80000, 0x0000000100000000)
  eden space 48640K, 99% used [0x00000000f5580000,0x00000000f84fffc8,0x00000000f8500000)
  from space 12288K, 0% used [0x00000000f8500000,0x00000000f8500000,0x00000000f9100000)
  to   space 12288K, 0% used [0x00000000f9100000,0x00000000f9100000,0x00000000f9d00000)
 ParOldGen       total 349696K, used 349695K [0x00000000e0000000, 0x00000000f5580000, 0x00000000f5580000)
  object space 349696K, 99% used [0x00000000e0000000,0x00000000f557ff98,0x00000000f5580000)
 Metaspace       used 62392K, committed 63168K, reserved 1114112K
  class space    used 5439K, committed 5760K, reserved 1048576K
}
Event: 798.782 GC heap before
{Heap before GC invocations=489 (full 372):
 PSYoungGen      total 60928K, used 48639K [0x00000000f5580000, 0x00000000f9e80000, 0x0000000100000000)
  eden space 48640K, 99% used [0x00000000f5580000,0x00000000f84ffff8,0x00000000f8500000)
  from space 12288K, 0% used [0x00000000f8500000,0x00000000f8500000,0x00000000f9100000)
  to   space 12288K, 0% used [0x00000000f9100000,0x00000000f9100000,0x00000000f9d00000)
 ParOldGen       total 349696K, used 349695K [0x00000000e0000000, 0x00000000f5580000, 0x00000000f5580000)
  object space 349696K, 99% used [0x00000000e0000000,0x00000000f557ff98,0x00000000f5580000)
 Metaspace       used 62392K, committed 63168K, reserved 1114112K
  class space    used 5439K, committed 5760K, reserved 1048576K
}
Event: 800.352 GC heap after
{Heap after GC invocations=489 (full 372):
 PSYoungGen      total 60928K, used 48639K [0x00000000f5580000, 0x00000000f9e80000, 0x0000000100000000)
  eden space 48640K, 99% used [0x00000000f5580000,0x00000000f84fffc8,0x00000000f8500000)
  from space 12288K, 0% used [0x00000000f9100000,0x00000000f9100000,0x00000000f9d00000)
  to   space 12288K, 0% used [0x00000000f8500000,0x00000000f8500000,0x00000000f9100000)
 ParOldGen       total 349696K, used 349695K [0x00000000e0000000, 0x00000000f5580000, 0x00000000f5580000)
  object space 349696K, 99% used [0x00000000e0000000,0x00000000f557ff98,0x00000000f5580000)
 Metaspace       used 62392K, committed 63168K, reserved 1114112K
  class space    used 5439K, committed 5760K, reserved 1048576K
}
Event: 800.352 GC heap before
{Heap before GC invocations=490 (full 373):
 PSYoungGen      total 60928K, used 48639K [0x00000000f5580000, 0x00000000f9e80000, 0x0000000100000000)
  eden space 48640K, 99% used [0x00000000f5580000,0x00000000f84ffff8,0x00000000f8500000)
  from space 12288K, 0% used [0x00000000f9100000,0x00000000f9100000,0x00000000f9d00000)
  to   space 12288K, 0% used [0x00000000f8500000,0x00000000f8500000,0x00000000f9100000)
 ParOldGen       total 349696K, used 349695K [0x00000000e0000000, 0x00000000f5580000, 0x00000000f5580000)
  object space 349696K, 99% used [0x00000000e0000000,0x00000000f557ff98,0x00000000f5580000)
 Metaspace       used 62392K, committed 63168K, reserved 1114112K
  class space    used 5439K, committed 5760K, reserved 1048576K
}
Event: 801.985 GC heap after
{Heap after GC invocations=490 (full 373):
 PSYoungGen      total 60928K, used 48639K [0x00000000f5580000, 0x00000000f9e80000, 0x0000000100000000)
  eden space 48640K, 99% used [0x00000000f5580000,0x00000000f84fffc8,0x00000000f8500000)
  from space 12288K, 0% used [0x00000000f8500000,0x00000000f8500000,0x00000000f9100000)
  to   space 12288K, 0% used [0x00000000f9100000,0x00000000f9100000,0x00000000f9d00000)
 ParOldGen       total 349696K, used 349695K [0x00000000e0000000, 0x00000000f5580000, 0x00000000f5580000)
  object space 349696K, 99% used [0x00000000e0000000,0x00000000f557ff98,0x00000000f5580000)
 Metaspace       used 62392K, committed 63168K, reserved 1114112K
  class space    used 5439K, committed 5760K, reserved 1048576K
}
Event: 801.986 GC heap before
{Heap before GC invocations=491 (full 374):
 PSYoungGen      total 60928K, used 48639K [0x00000000f5580000, 0x00000000f9e80000, 0x0000000100000000)
  eden space 48640K, 99% used [0x00000000f5580000,0x00000000f84ffff8,0x00000000f8500000)
  from space 12288K, 0% used [0x00000000f8500000,0x00000000f8500000,0x00000000f9100000)
  to   space 12288K, 0% used [0x00000000f9100000,0x00000000f9100000,0x00000000f9d00000)
 ParOldGen       total 349696K, used 349695K [0x00000000e0000000, 0x00000000f5580000, 0x00000000f5580000)
  object space 349696K, 99% used [0x00000000e0000000,0x00000000f557ff98,0x00000000f5580000)
 Metaspace       used 62392K, committed 63168K, reserved 1114112K
  class space    used 5439K, committed 5760K, reserved 1048576K
}
Event: 803.696 GC heap after
{Heap after GC invocations=491 (full 374):
 PSYoungGen      total 60928K, used 48639K [0x00000000f5580000, 0x00000000f9e80000, 0x0000000100000000)
  eden space 48640K, 99% used [0x00000000f5580000,0x00000000f84fffc8,0x00000000f8500000)
  from space 12288K, 0% used [0x00000000f9100000,0x00000000f9100000,0x00000000f9d00000)
  to   space 12288K, 0% used [0x00000000f8500000,0x00000000f8500000,0x00000000f9100000)
 ParOldGen       total 349696K, used 349695K [0x00000000e0000000, 0x00000000f5580000, 0x00000000f5580000)
  object space 349696K, 99% used [0x00000000e0000000,0x00000000f557ff98,0x00000000f5580000)
 Metaspace       used 62392K, committed 63168K, reserved 1114112K
  class space    used 5439K, committed 5760K, reserved 1048576K
}
Event: 803.696 GC heap before
{Heap before GC invocations=492 (full 375):
 PSYoungGen      total 60928K, used 48639K [0x00000000f5580000, 0x00000000f9e80000, 0x0000000100000000)
  eden space 48640K, 99% used [0x00000000f5580000,0x00000000f84ffff8,0x00000000f8500000)
  from space 12288K, 0% used [0x00000000f9100000,0x00000000f9100000,0x00000000f9d00000)
  to   space 12288K, 0% used [0x00000000f8500000,0x00000000f8500000,0x00000000f9100000)
 ParOldGen       total 349696K, used 349695K [0x00000000e0000000, 0x00000000f5580000, 0x00000000f5580000)
  object space 349696K, 99% used [0x00000000e0000000,0x00000000f557ff98,0x00000000f5580000)
 Metaspace       used 62392K, committed 63168K, reserved 1114112K
  class space    used 5439K, committed 5760K, reserved 1048576K
}
Event: 805.316 GC heap after
{Heap after GC invocations=492 (full 375):
 PSYoungGen      total 60928K, used 48639K [0x00000000f5580000, 0x00000000f9e80000, 0x0000000100000000)
  eden space 48640K, 99% used [0x00000000f5580000,0x00000000f84fff88,0x00000000f8500000)
  from space 12288K, 0% used [0x00000000f8500000,0x00000000f8500000,0x00000000f9100000)
  to   space 12288K, 0% used [0x00000000f9100000,0x00000000f9100000,0x00000000f9d00000)
 ParOldGen       total 349696K, used 349695K [0x00000000e0000000, 0x00000000f5580000, 0x00000000f5580000)
  object space 349696K, 99% used [0x00000000e0000000,0x00000000f557ff98,0x00000000f5580000)
 Metaspace       used 62392K, committed 63168K, reserved 1114112K
  class space    used 5439K, committed 5760K, reserved 1048576K
}
Event: 805.316 GC heap before
{Heap before GC invocations=493 (full 376):
 PSYoungGen      total 60928K, used 48639K [0x00000000f5580000, 0x00000000f9e80000, 0x0000000100000000)
  eden space 48640K, 99% used [0x00000000f5580000,0x00000000f84fffd0,0x00000000f8500000)
  from space 12288K, 0% used [0x00000000f8500000,0x00000000f8500000,0x00000000f9100000)
  to   space 12288K, 0% used [0x00000000f9100000,0x00000000f9100000,0x00000000f9d00000)
 ParOldGen       total 349696K, used 349695K [0x00000000e0000000, 0x00000000f5580000, 0x00000000f5580000)
  object space 349696K, 99% used [0x00000000e0000000,0x00000000f557ff98,0x00000000f5580000)
 Metaspace       used 62392K, committed 63168K, reserved 1114112K
  class space    used 5439K, committed 5760K, reserved 1048576K
}
Event: 806.992 GC heap after
{Heap after GC invocations=493 (full 376):
 PSYoungGen      total 60928K, used 48639K [0x00000000f5580000, 0x00000000f9e80000, 0x0000000100000000)
  eden space 48640K, 99% used [0x00000000f5580000,0x00000000f84fffc0,0x00000000f8500000)
  from space 12288K, 0% used [0x00000000f9100000,0x00000000f9100000,0x00000000f9d00000)
  to   space 12288K, 0% used [0x00000000f8500000,0x00000000f8500000,0x00000000f9100000)
 ParOldGen       total 349696K, used 349695K [0x00000000e0000000, 0x00000000f5580000, 0x00000000f5580000)
  object space 349696K, 99% used [0x00000000e0000000,0x00000000f557ff98,0x00000000f5580000)
 Metaspace       used 62392K, committed 63168K, reserved 1114112K
  class space    used 5439K, committed 5760K, reserved 1048576K
}
Event: 806.992 GC heap before
{Heap before GC invocations=494 (full 377):
 PSYoungGen      total 60928K, used 48639K [0x00000000f5580000, 0x00000000f9e80000, 0x0000000100000000)
  eden space 48640K, 99% used [0x00000000f5580000,0x00000000f84fffc0,0x00000000f8500000)
  from space 12288K, 0% used [0x00000000f9100000,0x00000000f9100000,0x00000000f9d00000)
  to   space 12288K, 0% used [0x00000000f8500000,0x00000000f8500000,0x00000000f9100000)
 ParOldGen       total 349696K, used 349695K [0x00000000e0000000, 0x00000000f5580000, 0x00000000f5580000)
  object space 349696K, 99% used [0x00000000e0000000,0x00000000f557ff98,0x00000000f5580000)
 Metaspace       used 62392K, committed 63168K, reserved 1114112K
  class space    used 5439K, committed 5760K, reserved 1048576K
}
Event: 808.629 GC heap after
{Heap after GC invocations=494 (full 377):
 PSYoungGen      total 60928K, used 48639K [0x00000000f5580000, 0x00000000f9e80000, 0x0000000100000000)
  eden space 48640K, 99% used [0x00000000f5580000,0x00000000f84fffc0,0x00000000f8500000)
  from space 12288K, 0% used [0x00000000f8500000,0x00000000f8500000,0x00000000f9100000)
  to   space 12288K, 0% used [0x00000000f9100000,0x00000000f9100000,0x00000000f9d00000)
 ParOldGen       total 349696K, used 349695K [0x00000000e0000000, 0x00000000f5580000, 0x00000000f5580000)
  object space 349696K, 99% used [0x00000000e0000000,0x00000000f557ff98,0x00000000f5580000)
 Metaspace       used 62392K, committed 63168K, reserved 1114112K
  class space    used 5439K, committed 5760K, reserved 1048576K
}
Event: 808.629 GC heap before
{Heap before GC invocations=495 (full 378):
 PSYoungGen      total 60928K, used 48639K [0x00000000f5580000, 0x00000000f9e80000, 0x0000000100000000)
  eden space 48640K, 99% used [0x00000000f5580000,0x00000000f84ffff8,0x00000000f8500000)
  from space 12288K, 0% used [0x00000000f8500000,0x00000000f8500000,0x00000000f9100000)
  to   space 12288K, 0% used [0x00000000f9100000,0x00000000f9100000,0x00000000f9d00000)
 ParOldGen       total 349696K, used 349695K [0x00000000e0000000, 0x00000000f5580000, 0x00000000f5580000)
  object space 349696K, 99% used [0x00000000e0000000,0x00000000f557fff0,0x00000000f5580000)
 Metaspace       used 62392K, committed 63168K, reserved 1114112K
  class space    used 5439K, committed 5760K, reserved 1048576K
}
Event: 810.391 GC heap after
{Heap after GC invocations=495 (full 378):
 PSYoungGen      total 60928K, used 48639K [0x00000000f5580000, 0x00000000f9e80000, 0x0000000100000000)
  eden space 48640K, 99% used [0x00000000f5580000,0x00000000f84fffa0,0x00000000f8500000)
  from space 12288K, 0% used [0x00000000f9100000,0x00000000f9100000,0x00000000f9d00000)
  to   space 12288K, 0% used [0x00000000f8500000,0x00000000f8500000,0x00000000f9100000)
 ParOldGen       total 349696K, used 349695K [0x00000000e0000000, 0x00000000f5580000, 0x00000000f5580000)
  object space 349696K, 99% used [0x00000000e0000000,0x00000000f557fff0,0x00000000f5580000)
 Metaspace       used 62392K, committed 63168K, reserved 1114112K
  class space    used 5439K, committed 5760K, reserved 1048576K
}

